2014/03/10 14:56:42 [error] [exception.CHttpException.404] exception 'CHttpException' with message 'Unable to resolve the request "backend/default.php".' in F:\www\yiicms\framework\web\CWebApplication.php:286
Stack trace:
#0 F:\www\yiicms\framework\web\CWebApplication.php(141): CWebApplication->runController('backend/default...')
#1 F:\www\yiicms\framework\base\CApplication.php(169): CWebApplication->processRequest()
#2 F:\www\yiicms\index.php(13): CApplication->run()
#3 {main}
REQUEST_URI=/?r=backend/default.php
---
2014/03/10 14:57:40 [error] [exception.CHttpException.404] exception 'CHttpException' with message 'Unable to resolve the request "backend/show".' in F:\www\yiicms\framework\web\CWebApplication.php:286
Stack trace:
#0 F:\www\yiicms\framework\web\CWebApplication.php(141): CWebApplication->runController('backend/show')
#1 F:\www\yiicms\framework\base\CApplication.php(169): CWebApplication->processRequest()
#2 F:\www\yiicms\index.php(13): CApplication->run()
#3 {main}
REQUEST_URI=/?r=backend/show
---
2014/03/10 14:57:46 [error] [exception.CHttpException.404] exception 'CHttpException' with message 'Unable to resolve the request "backend/index".' in F:\www\yiicms\framework\web\CWebApplication.php:286
Stack trace:
#0 F:\www\yiicms\framework\web\CWebApplication.php(141): CWebApplication->runController('backend/index')
#1 F:\www\yiicms\framework\base\CApplication.php(169): CWebApplication->processRequest()
#2 F:\www\yiicms\index.php(13): CApplication->run()
#3 {main}
REQUEST_URI=/?r=backend/index
---
2014/03/10 15:01:16 [error] [exception.CHttpException.404] exception 'CHttpException' with message 'Unable to resolve the request "backend/defaule".' in F:\www\yiicms\framework\web\CWebApplication.php:286
Stack trace:
#0 F:\www\yiicms\framework\web\CWebApplication.php(141): CWebApplication->runController('backend/defaule')
#1 F:\www\yiicms\framework\base\CApplication.php(169): CWebApplication->processRequest()
#2 F:\www\yiicms\index.php(13): CApplication->run()
#3 {main}
REQUEST_URI=/?r=backend/defaule
---
2014/03/10 15:39:42 [error] [exception.CException] exception 'CException' with message 'Alias "auth.filters.AuthFilter" is invalid. Make sure it points to an existing directory or file.' in F:\www\yiicms\framework\YiiBase.php:341
Stack trace:
#0 F:\www\yiicms\framework\YiiBase.php(196): YiiBase::import('auth.filters.Au...', true)
#1 F:\www\yiicms\framework\web\filters\CFilterChain.php(89): YiiBase::createComponent(Array)
#2 F:\www\yiicms\framework\web\CController.php(291): CFilterChain::create(Object(LoginController), Object(CInlineAction), Array)
#3 F:\www\yiicms\framework\web\CController.php(265): CController->runActionWithFilters(Object(CInlineAction), Array)
#4 F:\www\yiicms\framework\web\CWebApplication.php(282): CController->run('')
#5 F:\www\yiicms\framework\web\CWebApplication.php(141): CWebApplication->runController('backend/login/')
#6 F:\www\yiicms\framework\base\CApplication.php(169): CWebApplication->processRequest()
#7 F:\www\yiicms\index.php(13): CApplication->run()
#8 {main}
REQUEST_URI=/?r=backend/login/
---
2014/03/10 15:40:09 [error] [exception.CException] exception 'CException' with message 'LoginController cannot find the requested view "login".' in F:\www\yiicms\framework\web\CController.php:878
Stack trace:
#0 F:\www\yiicms\framework\web\CController.php(782): CController->renderPartial('login', NULL, true)
#1 F:\www\yiicms\protected\modules\backend\controllers\LoginController.php(18): CController->render('login')
#2 F:\www\yiicms\framework\web\actions\CInlineAction.php(49): LoginController->actionIndex()
#3 F:\www\yiicms\framework\web\CController.php(308): CInlineAction->runWithParams(Array)
#4 F:\www\yiicms\framework\web\CController.php(286): CController->runAction(Object(CInlineAction))
#5 F:\www\yiicms\framework\web\CController.php(265): CController->runActionWithFilters(Object(CInlineAction), Array)
#6 F:\www\yiicms\framework\web\CWebApplication.php(282): CController->run('')
#7 F:\www\yiicms\framework\web\CWebApplication.php(141): CWebApplication->runController('backend/login/')
#8 F:\www\yiicms\framework\base\CApplication.php(169): CWebApplication->processRequest()
#9 F:\www\yiicms\index.php(13): CApplication->run()
#10 {main}
REQUEST_URI=/?r=backend/login/
---
2014/07/29 07:57:37 [error] [php] include(TbArray.php): failed to open stream: No such file or directory (F:\www\yiicms\yiicms\framework\YiiBase.php:427)
Stack trace:
#0 F:\www\yiicms\yiicms\protected\extensions\bootstrap\widgets\TbNavbar.php(75): spl_autoload_call()
#1 F:\www\yiicms\yiicms\framework\web\CBaseController.php(147): TbNavbar->init()
#2 F:\www\yiicms\yiicms\framework\web\CBaseController.php(172): SiteController->createWidget()
#3 F:\www\yiicms\yiicms\protected\views\layouts\main.php(38): SiteController->widget()
#4 F:\www\yiicms\yiicms\framework\web\CBaseController.php(126): require()
#5 F:\www\yiicms\yiicms\framework\web\CBaseController.php(95): SiteController->renderInternal()
#6 F:\www\yiicms\yiicms\framework\web\widgets\CContentDecorator.php(76): SiteController->renderFile()
#7 F:\www\yiicms\yiicms\framework\web\widgets\CContentDecorator.php(54): CContentDecorator->decorate()
#8 F:\www\yiicms\yiicms\framework\web\widgets\COutputProcessor.php(44): CContentDecorator->processOutput()
#9 F:\www\yiicms\yiicms\framework\web\CBaseController.php(206): CContentDecorator->run()
#10 F:\www\yiicms\yiicms\framework\web\CBaseController.php(300): SiteController->endWidget()
#11 F:\www\yiicms\yiicms\protected\views\layouts\column1.php(6): SiteController->endContent()
#12 F:\www\yiicms\yiicms\framework\web\CBaseController.php(126): require()
#13 F:\www\yiicms\yiicms\framework\web\CBaseController.php(95): SiteController->renderInternal()
#14 F:\www\yiicms\yiicms\framework\web\CController.php(784): SiteController->renderFile()
#15 F:\www\yiicms\yiicms\protected\controllers\SiteController.php(32): SiteController->render()
#16 F:\www\yiicms\yiicms\framework\web\actions\CInlineAction.php(49): SiteController->actionIndex()
#17 F:\www\yiicms\yiicms\framework\web\CController.php(308): CInlineAction->runWithParams()
#18 F:\www\yiicms\yiicms\framework\web\CController.php(286): SiteController->runAction()
#19 F:\www\yiicms\yiicms\framework\web\CController.php(265): SiteController->runActionWithFilters()
#20 F:\www\yiicms\yiicms\framework\web\CWebApplication.php(282): SiteController->run()
#21 F:\www\yiicms\yiicms\framework\web\CWebApplication.php(141): CWebApplication->runController()
#22 F:\www\yiicms\yiicms\framework\base\CApplication.php(180): CWebApplication->processRequest()
#23 F:\www\yiicms\yiicms\index.php(13): CWebApplication->run()
REQUEST_URI=/index.php?r=site/index
in F:\www\yiicms\yiicms\protected\extensions\bootstrap\widgets\TbNavbar.php (75)
in F:\www\yiicms\yiicms\protected\views\layouts\main.php (38)
in F:\www\yiicms\yiicms\protected\views\layouts\column1.php (6)
2014/07/29 07:58:28 [error] [exception.CException] exception 'CException' with message 'Property "TbNavbar.brand" is not defined.' in F:\www\yiicms\yiicms\framework\base\CComponent.php:173
Stack trace:
#0 F:\www\yiicms\yiicms\framework\web\CWidgetFactory.php(161): CComponent->__set('brand', '')
#1 F:\www\yiicms\yiicms\framework\web\CBaseController.php(146): CWidgetFactory->createWidget(Object(SiteController), 'bootstrap.widge...', Array)
#2 F:\www\yiicms\yiicms\framework\web\CBaseController.php(172): CBaseController->createWidget('bootstrap.widge...', Array)
#3 F:\www\yiicms\yiicms\protected\views\layouts\main.php(43): CBaseController->widget('bootstrap.widge...', Array)
#4 F:\www\yiicms\yiicms\framework\web\CBaseController.php(126): require('F:\www\yiicms\y...')
#5 F:\www\yiicms\yiicms\framework\web\CBaseController.php(95): CBaseController->renderInternal('F:\www\yiicms\y...', Array, true)
#6 F:\www\yiicms\yiicms\framework\web\widgets\CContentDecorator.php(76): CBaseController->renderFile('F:\www\yiicms\y...', Array, true)
#7 F:\www\yiicms\yiicms\framework\web\widgets\CContentDecorator.php(54): CContentDecorator->decorate('<div id="conten...')
#8 F:\www\yiicms\yiicms\framework\web\widgets\COutputProcessor.php(44): CContentDecorator->processOutput('<div id="conten...')
#9 F:\www\yiicms\yiicms\framework\web\CBaseController.php(206): COutputProcessor->run()
#10 F:\www\yiicms\yiicms\framework\web\CBaseController.php(300): CBaseController->endWidget('CContentDecorat...')
#11 F:\www\yiicms\yiicms\protected\views\layouts\column1.php(6): CBaseController->endContent()
#12 F:\www\yiicms\yiicms\framework\web\CBaseController.php(126): require('F:\www\yiicms\y...')
#13 F:\www\yiicms\yiicms\framework\web\CBaseController.php(95): CBaseController->renderInternal('F:\www\yiicms\y...', Array, true)
#14 F:\www\yiicms\yiicms\framework\web\CController.php(784): CBaseController->renderFile('F:\www\yiicms\y...', Array, true)
#15 F:\www\yiicms\yiicms\protected\controllers\SiteController.php(32): CController->render('index')
#16 F:\www\yiicms\yiicms\framework\web\actions\CInlineAction.php(49): SiteController->actionIndex()
#17 F:\www\yiicms\yiicms\framework\web\CController.php(308): CInlineAction->runWithParams(Array)
#18 F:\www\yiicms\yiicms\framework\web\CController.php(286): CController->runAction(Object(CInlineAction))
#19 F:\www\yiicms\yiicms\framework\web\CController.php(265): CController->runActionWithFilters(Object(CInlineAction), Array)
#20 F:\www\yiicms\yiicms\framework\web\CWebApplication.php(282): CController->run('index')
#21 F:\www\yiicms\yiicms\framework\web\CWebApplication.php(141): CWebApplication->runController('site/index')
#22 F:\www\yiicms\yiicms\framework\base\CApplication.php(180): CWebApplication->processRequest()
#23 F:\www\yiicms\yiicms\index.php(13): CApplication->run()
#24 {main}
REQUEST_URI=/index.php?r=site/index
---
2014/07/29 07:59:18 [error] [exception.CException] exception 'CException' with message 'Property "TbNavbar.brand" is not defined.' in F:\www\yiicms\yiicms\framework\base\CComponent.php:173
Stack trace:
#0 F:\www\yiicms\yiicms\framework\web\CWidgetFactory.php(161): CComponent->__set('brand', '')
#1 F:\www\yiicms\yiicms\framework\web\CBaseController.php(146): CWidgetFactory->createWidget(Object(SiteController), 'bootstrap.widge...', Array)
#2 F:\www\yiicms\yiicms\framework\web\CBaseController.php(172): CBaseController->createWidget('bootstrap.widge...', Array)
#3 F:\www\yiicms\yiicms\protected\views\layouts\main.php(43): CBaseController->widget('bootstrap.widge...', Array)
#4 F:\www\yiicms\yiicms\framework\web\CBaseController.php(126): require('F:\www\yiicms\y...')
#5 F:\www\yiicms\yiicms\framework\web\CBaseController.php(95): CBaseController->renderInternal('F:\www\yiicms\y...', Array, true)
#6 F:\www\yiicms\yiicms\framework\web\widgets\CContentDecorator.php(76): CBaseController->renderFile('F:\www\yiicms\y...', Array, true)
#7 F:\www\yiicms\yiicms\framework\web\widgets\CContentDecorator.php(54): CContentDecorator->decorate('<div id="conten...')
#8 F:\www\yiicms\yiicms\framework\web\widgets\COutputProcessor.php(44): CContentDecorator->processOutput('<div id="conten...')
#9 F:\www\yiicms\yiicms\framework\web\CBaseController.php(206): COutputProcessor->run()
#10 F:\www\yiicms\yiicms\framework\web\CBaseController.php(300): CBaseController->endWidget('CContentDecorat...')
#11 F:\www\yiicms\yiicms\protected\views\layouts\column1.php(6): CBaseController->endContent()
#12 F:\www\yiicms\yiicms\framework\web\CBaseController.php(126): require('F:\www\yiicms\y...')
#13 F:\www\yiicms\yiicms\framework\web\CBaseController.php(95): CBaseController->renderInternal('F:\www\yiicms\y...', Array, true)
#14 F:\www\yiicms\yiicms\framework\web\CController.php(784): CBaseController->renderFile('F:\www\yiicms\y...', Array, true)
#15 F:\www\yiicms\yiicms\protected\controllers\SiteController.php(32): CController->render('index')
#16 F:\www\yiicms\yiicms\framework\web\actions\CInlineAction.php(49): SiteController->actionIndex()
#17 F:\www\yiicms\yiicms\framework\web\CController.php(308): CInlineAction->runWithParams(Array)
#18 F:\www\yiicms\yiicms\framework\web\CController.php(286): CController->runAction(Object(CInlineAction))
#19 F:\www\yiicms\yiicms\framework\web\CController.php(265): CController->runActionWithFilters(Object(CInlineAction), Array)
#20 F:\www\yiicms\yiicms\framework\web\CWebApplication.php(282): CController->run('index')
#21 F:\www\yiicms\yiicms\framework\web\CWebApplication.php(141): CWebApplication->runController('site/index')
#22 F:\www\yiicms\yiicms\framework\base\CApplication.php(180): CWebApplication->processRequest()
#23 F:\www\yiicms\yiicms\index.php(13): CApplication->run()
#24 {main}
REQUEST_URI=/index.php?r=site/index
---
2014/07/29 07:59:42 [error] [exception.CException] exception 'CException' with message 'Property "TbNavbar.brand" is not defined.' in F:\www\yiicms\yiicms\framework\base\CComponent.php:173
Stack trace:
#0 F:\www\yiicms\yiicms\framework\web\CWidgetFactory.php(161): CComponent->__set('brand', '')
#1 F:\www\yiicms\yiicms\framework\web\CBaseController.php(146): CWidgetFactory->createWidget(Object(SiteController), 'bootstrap.widge...', Array)
#2 F:\www\yiicms\yiicms\framework\web\CBaseController.php(172): CBaseController->createWidget('bootstrap.widge...', Array)
#3 F:\www\yiicms\yiicms\protected\views\layouts\main.php(43): CBaseController->widget('bootstrap.widge...', Array)
#4 F:\www\yiicms\yiicms\framework\web\CBaseController.php(126): require('F:\www\yiicms\y...')
#5 F:\www\yiicms\yiicms\framework\web\CBaseController.php(95): CBaseController->renderInternal('F:\www\yiicms\y...', Array, true)
#6 F:\www\yiicms\yiicms\framework\web\widgets\CContentDecorator.php(76): CBaseController->renderFile('F:\www\yiicms\y...', Array, true)
#7 F:\www\yiicms\yiicms\framework\web\widgets\CContentDecorator.php(54): CContentDecorator->decorate('<div id="conten...')
#8 F:\www\yiicms\yiicms\framework\web\widgets\COutputProcessor.php(44): CContentDecorator->processOutput('<div id="conten...')
#9 F:\www\yiicms\yiicms\framework\web\CBaseController.php(206): COutputProcessor->run()
#10 F:\www\yiicms\yiicms\framework\web\CBaseController.php(300): CBaseController->endWidget('CContentDecorat...')
#11 F:\www\yiicms\yiicms\protected\views\layouts\column1.php(6): CBaseController->endContent()
#12 F:\www\yiicms\yiicms\framework\web\CBaseController.php(126): require('F:\www\yiicms\y...')
#13 F:\www\yiicms\yiicms\framework\web\CBaseController.php(95): CBaseController->renderInternal('F:\www\yiicms\y...', Array, true)
#14 F:\www\yiicms\yiicms\framework\web\CController.php(784): CBaseController->renderFile('F:\www\yiicms\y...', Array, true)
#15 F:\www\yiicms\yiicms\protected\controllers\SiteController.php(32): CController->render('index')
#16 F:\www\yiicms\yiicms\framework\web\actions\CInlineAction.php(49): SiteController->actionIndex()
#17 F:\www\yiicms\yiicms\framework\web\CController.php(308): CInlineAction->runWithParams(Array)
#18 F:\www\yiicms\yiicms\framework\web\CController.php(286): CController->runAction(Object(CInlineAction))
#19 F:\www\yiicms\yiicms\framework\web\CController.php(265): CController->runActionWithFilters(Object(CInlineAction), Array)
#20 F:\www\yiicms\yiicms\framework\web\CWebApplication.php(282): CController->run('index')
#21 F:\www\yiicms\yiicms\framework\web\CWebApplication.php(141): CWebApplication->runController('site/index')
#22 F:\www\yiicms\yiicms\framework\base\CApplication.php(180): CWebApplication->processRequest()
#23 F:\www\yiicms\yiicms\index.php(13): CApplication->run()
#24 {main}
REQUEST_URI=/index.php?r=site/index
---
2014/07/29 07:59:45 [error] [exception.CException] exception 'CException' with message 'Property "TbNavbar.type" is not defined.' in F:\www\yiicms\yiicms\framework\base\CComponent.php:173
Stack trace:
#0 F:\www\yiicms\yiicms\framework\web\CWidgetFactory.php(161): CComponent->__set('type', 'inverse')
#1 F:\www\yiicms\yiicms\framework\web\CBaseController.php(146): CWidgetFactory->createWidget(Object(SiteController), 'bootstrap.widge...', Array)
#2 F:\www\yiicms\yiicms\framework\web\CBaseController.php(172): CBaseController->createWidget('bootstrap.widge...', Array)
#3 F:\www\yiicms\yiicms\protected\views\layouts\main.php(43): CBaseController->widget('bootstrap.widge...', Array)
#4 F:\www\yiicms\yiicms\framework\web\CBaseController.php(126): require('F:\www\yiicms\y...')
#5 F:\www\yiicms\yiicms\framework\web\CBaseController.php(95): CBaseController->renderInternal('F:\www\yiicms\y...', Array, true)
#6 F:\www\yiicms\yiicms\framework\web\widgets\CContentDecorator.php(76): CBaseController->renderFile('F:\www\yiicms\y...', Array, true)
#7 F:\www\yiicms\yiicms\framework\web\widgets\CContentDecorator.php(54): CContentDecorator->decorate('<div id="conten...')
#8 F:\www\yiicms\yiicms\framework\web\widgets\COutputProcessor.php(44): CContentDecorator->processOutput('<div id="conten...')
#9 F:\www\yiicms\yiicms\framework\web\CBaseController.php(206): COutputProcessor->run()
#10 F:\www\yiicms\yiicms\framework\web\CBaseController.php(300): CBaseController->endWidget('CContentDecorat...')
#11 F:\www\yiicms\yiicms\protected\views\layouts\column1.php(6): CBaseController->endContent()
#12 F:\www\yiicms\yiicms\framework\web\CBaseController.php(126): require('F:\www\yiicms\y...')
#13 F:\www\yiicms\yiicms\framework\web\CBaseController.php(95): CBaseController->renderInternal('F:\www\yiicms\y...', Array, true)
#14 F:\www\yiicms\yiicms\framework\web\CController.php(784): CBaseController->renderFile('F:\www\yiicms\y...', Array, true)
#15 F:\www\yiicms\yiicms\protected\controllers\SiteController.php(32): CController->render('index')
#16 F:\www\yiicms\yiicms\framework\web\actions\CInlineAction.php(49): SiteController->actionIndex()
#17 F:\www\yiicms\yiicms\framework\web\CController.php(308): CInlineAction->runWithParams(Array)
#18 F:\www\yiicms\yiicms\framework\web\CController.php(286): CController->runAction(Object(CInlineAction))
#19 F:\www\yiicms\yiicms\framework\web\CController.php(265): CController->runActionWithFilters(Object(CInlineAction), Array)
#20 F:\www\yiicms\yiicms\framework\web\CWebApplication.php(282): CController->run('index')
#21 F:\www\yiicms\yiicms\framework\web\CWebApplication.php(141): CWebApplication->runController('site/index')
#22 F:\www\yiicms\yiicms\framework\base\CApplication.php(180): CWebApplication->processRequest()
#23 F:\www\yiicms\yiicms\index.php(13): CApplication->run()
#24 {main}
REQUEST_URI=/index.php?r=site/index
---
2014/07/29 07:59:53 [error] [exception.CException] exception 'CException' with message 'Property "TbNavbar.type" is not defined.' in F:\www\yiicms\yiicms\framework\base\CComponent.php:173
Stack trace:
#0 F:\www\yiicms\yiicms\framework\web\CWidgetFactory.php(161): CComponent->__set('type', 'inverse')
#1 F:\www\yiicms\yiicms\framework\web\CBaseController.php(146): CWidgetFactory->createWidget(Object(SiteController), 'bootstrap.widge...', Array)
#2 F:\www\yiicms\yiicms\framework\web\CBaseController.php(172): CBaseController->createWidget('bootstrap.widge...', Array)
#3 F:\www\yiicms\yiicms\protected\views\layouts\main.php(43): CBaseController->widget('bootstrap.widge...', Array)
#4 F:\www\yiicms\yiicms\framework\web\CBaseController.php(126): require('F:\www\yiicms\y...')
#5 F:\www\yiicms\yiicms\framework\web\CBaseController.php(95): CBaseController->renderInternal('F:\www\yiicms\y...', Array, true)
#6 F:\www\yiicms\yiicms\framework\web\widgets\CContentDecorator.php(76): CBaseController->renderFile('F:\www\yiicms\y...', Array, true)
#7 F:\www\yiicms\yiicms\framework\web\widgets\CContentDecorator.php(54): CContentDecorator->decorate('<div id="conten...')
#8 F:\www\yiicms\yiicms\framework\web\widgets\COutputProcessor.php(44): CContentDecorator->processOutput('<div id="conten...')
#9 F:\www\yiicms\yiicms\framework\web\CBaseController.php(206): COutputProcessor->run()
#10 F:\www\yiicms\yiicms\framework\web\CBaseController.php(300): CBaseController->endWidget('CContentDecorat...')
#11 F:\www\yiicms\yiicms\protected\views\layouts\column1.php(6): CBaseController->endContent()
#12 F:\www\yiicms\yiicms\framework\web\CBaseController.php(126): require('F:\www\yiicms\y...')
#13 F:\www\yiicms\yiicms\framework\web\CBaseController.php(95): CBaseController->renderInternal('F:\www\yiicms\y...', Array, true)
#14 F:\www\yiicms\yiicms\framework\web\CController.php(784): CBaseController->renderFile('F:\www\yiicms\y...', Array, true)
#15 F:\www\yiicms\yiicms\protected\controllers\SiteController.php(32): CController->render('index')
#16 F:\www\yiicms\yiicms\framework\web\actions\CInlineAction.php(49): SiteController->actionIndex()
#17 F:\www\yiicms\yiicms\framework\web\CController.php(308): CInlineAction->runWithParams(Array)
#18 F:\www\yiicms\yiicms\framework\web\CController.php(286): CController->runAction(Object(CInlineAction))
#19 F:\www\yiicms\yiicms\framework\web\CController.php(265): CController->runActionWithFilters(Object(CInlineAction), Array)
#20 F:\www\yiicms\yiicms\framework\web\CWebApplication.php(282): CController->run('index')
#21 F:\www\yiicms\yiicms\framework\web\CWebApplication.php(141): CWebApplication->runController('site/index')
#22 F:\www\yiicms\yiicms\framework\base\CApplication.php(180): CWebApplication->processRequest()
#23 F:\www\yiicms\yiicms\index.php(13): CApplication->run()
#24 {main}
REQUEST_URI=/index.php?r=site/index
---
2014/07/29 08:00:14 [error] [php] include(TbArray.php): failed to open stream: No such file or directory (F:\www\yiicms\yiicms\framework\YiiBase.php:427)
Stack trace:
#0 F:\www\yiicms\yiicms\protected\extensions\bootstrap\widgets\TbNavbar.php(75): spl_autoload_call()
#1 F:\www\yiicms\yiicms\framework\web\CBaseController.php(147): TbNavbar->init()
#2 F:\www\yiicms\yiicms\framework\web\CBaseController.php(172): SiteController->createWidget()
#3 F:\www\yiicms\yiicms\protected\views\layouts\main.php(40): SiteController->widget()
#4 F:\www\yiicms\yiicms\framework\web\CBaseController.php(126): require()
#5 F:\www\yiicms\yiicms\framework\web\CBaseController.php(95): SiteController->renderInternal()
#6 F:\www\yiicms\yiicms\framework\web\widgets\CContentDecorator.php(76): SiteController->renderFile()
#7 F:\www\yiicms\yiicms\framework\web\widgets\CContentDecorator.php(54): CContentDecorator->decorate()
#8 F:\www\yiicms\yiicms\framework\web\widgets\COutputProcessor.php(44): CContentDecorator->processOutput()
#9 F:\www\yiicms\yiicms\framework\web\CBaseController.php(206): CContentDecorator->run()
#10 F:\www\yiicms\yiicms\framework\web\CBaseController.php(300): SiteController->endWidget()
#11 F:\www\yiicms\yiicms\protected\views\layouts\column1.php(6): SiteController->endContent()
#12 F:\www\yiicms\yiicms\framework\web\CBaseController.php(126): require()
#13 F:\www\yiicms\yiicms\framework\web\CBaseController.php(95): SiteController->renderInternal()
#14 F:\www\yiicms\yiicms\framework\web\CController.php(784): SiteController->renderFile()
#15 F:\www\yiicms\yiicms\protected\controllers\SiteController.php(32): SiteController->render()
#16 F:\www\yiicms\yiicms\framework\web\actions\CInlineAction.php(49): SiteController->actionIndex()
#17 F:\www\yiicms\yiicms\framework\web\CController.php(308): CInlineAction->runWithParams()
#18 F:\www\yiicms\yiicms\framework\web\CController.php(286): SiteController->runAction()
#19 F:\www\yiicms\yiicms\framework\web\CController.php(265): SiteController->runActionWithFilters()
#20 F:\www\yiicms\yiicms\framework\web\CWebApplication.php(282): SiteController->run()
#21 F:\www\yiicms\yiicms\framework\web\CWebApplication.php(141): CWebApplication->runController()
#22 F:\www\yiicms\yiicms\framework\base\CApplication.php(180): CWebApplication->processRequest()
#23 F:\www\yiicms\yiicms\index.php(13): CWebApplication->run()
REQUEST_URI=/index.php?r=site/index
in F:\www\yiicms\yiicms\protected\extensions\bootstrap\widgets\TbNavbar.php (75)
in F:\www\yiicms\yiicms\protected\views\layouts\main.php (40)
in F:\www\yiicms\yiicms\protected\views\layouts\column1.php (6)
